Arguments: 
  /usr/local/Cellar/node/10.3.0/bin/node /usr/local/bin/yarn add react-native-router-flux

PATH: 
  /usr/local/bin:/usr/bin:/bin:/usr/sbin:/sbin:/usr/local/Caskroom/android-sdk/3859397/

Yarn version: 
  1.10.1

Node version: 
  10.3.0

Platform: 
  darwin x64

Trace: 
  Error: https://registry.yarnpkg.com/react-native-branch/-/react-native-branch-2.2.5.tgz: unexpected end of file
      at Zlib.zlibOnError [as onerror] (zlib.js:153:17)

npm manifest: 
  {
    "name": "empty-project-template",
    "main": "node_modules/expo/AppEntry.js",
    "private": true,
    "scripts": {
      "start": "expo start",
      "android": "expo start --android",
      "ios": "expo start --ios",
      "eject": "expo eject"
    },
    "dependencies": {
      "expo": "^30.0.1",
      "react": "16.3.1",
      "react-native": "https://github.com/expo/react-native/archive/sdk-30.0.0.tar.gz"
    }
  }

yarn manifest: 
  No manifest

Lockfile: 
  No lockfile
